Flow report for somadorbits
Sat Jul 06 16:45:43 2024
Quartus II 64-Bit Version 13.1.0 Build 162 10/23/2013 SJ Web Edition


---------------------
; Table of Contents ;
---------------------
  1. Legal Notice
  2. Flow Summary
  3. Flow Settings
  4. Flow Non-Default Global Settings
  5. Flow Elapsed Time
  6. Flow OS Summary
  7. Flow Log
  8. Flow Messages
  9. Flow Suppressed Messages



----------------
; Legal Notice ;
----------------
Copyright (C) 1991-2013 Altera Corporation
Your use of Altera Corporation's design tools, logic functions 
and other software and tools, and its AMPP partner logic 
functions, and any output files from any of the foregoing 
(including device programming or simulation files), and any 
associated documentation or information are expressly subject 
to the terms and conditions of the Altera Program License 
Subscription Agreement, Altera MegaCore Function License 
Agreement, or other applicable license agreement, including, 
without limitation, that your use is for the sole purpose of 
programming logic devices manufactured by Altera and sold by 
Altera or its authorized distributors.  Please refer to the 
applicable agreement for further details.



+--------------------------------------------------------------------------------+
; Flow Summary                                                                   ;
+-----------------------------------+--------------------------------------------+
; Flow Status                       ; Successful - Sat Jul 06 16:45:43 2024      ;
; Quartus II 64-Bit Version         ; 13.1.0 Build 162 10/23/2013 SJ Web Edition ;
; Revision Name                     ; somadorbits                                ;
; Top-level Entity Name             ; somadorbits                                ;
; Family                            ; Arria II GX                                ;
; Logic utilization                 ; < 1 %                                      ;
;     Combinational ALUTs           ; 6 / 36,100 ( < 1 % )                       ;
;     Memory ALUTs                  ; 0 / 18,050 ( 0 % )                         ;
;     Dedicated logic registers     ; 0 / 36,100 ( 0 % )                         ;
; Total registers                   ; 0                                          ;
; Total pins                        ; 13 / 176 ( 7 % )                           ;
; Total virtual pins                ; 0                                          ;
; Total block memory bits           ; 0 / 2,939,904 ( 0 % )                      ;
; DSP block 18-bit elements         ; 0 / 232 ( 0 % )                            ;
; Total GXB Receiver Channel PCS    ; 0 / 4 ( 0 % )                              ;
; Total GXB Receiver Channel PMA    ; 0 / 4 ( 0 % )                              ;
; Total GXB Transmitter Channel PCS ; 0 / 4 ( 0 % )                              ;
; Total GXB Transmitter Channel PMA ; 0 / 4 ( 0 % )                              ;
; Total PLLs                        ; 0 / 4 ( 0 % )                              ;
; Total DLLs                        ; 0 / 2 ( 0 % )                              ;
; Device                            ; EP2AGX45CU17I3                             ;
; Timing Models                     ; Final                                      ;
+-----------------------------------+--------------------------------------------+


+-----------------------------------------+
; Flow Settings                           ;
+-------------------+---------------------+
; Option            ; Setting             ;
+-------------------+---------------------+
; Start date & time ; 07/06/2024 16:44:41 ;
; Main task         ; Compilation         ;
; Revision Name     ; somadorbits         ;
+-------------------+---------------------+


+---------------------------------------------------------------------------------------------------------------------+
; Flow Non-Default Global Settings                                                                                    ;
+-------------------------------------+--------------------------------+---------------+-------------+----------------+
; Assignment Name                     ; Value                          ; Default Value ; Entity Name ; Section Id     ;
+-------------------------------------+--------------------------------+---------------+-------------+----------------+
; COMPILER_SIGNATURE_ID               ; 48658624714927.172029508104940 ; --            ; --          ; --             ;
; EDA_OUTPUT_DATA_FORMAT              ; Vhdl                           ; --            ; --          ; eda_simulation ;
; EDA_SIMULATION_TOOL                 ; ModelSim-Altera (VHDL)         ; <None>        ; --          ; --             ;
; MAX_CORE_JUNCTION_TEMP              ; 85                             ; --            ; --          ; --             ;
; MIN_CORE_JUNCTION_TEMP              ; 0                              ; --            ; --          ; --             ;
; PARTITION_COLOR                     ; 16764057                       ; --            ; --          ; Top            ;
; PARTITION_FITTER_PRESERVATION_LEVEL ; PLACEMENT_AND_ROUTING          ; --            ; --          ; Top            ;
; PARTITION_NETLIST_TYPE              ; SOURCE                         ; --            ; --          ; Top            ;
; PROJECT_OUTPUT_DIRECTORY            ; output_files                   ; --            ; --          ; --             ;
+-------------------------------------+--------------------------------+---------------+-------------+----------------+


+-------------------------------------------------------------------------------------------------------------------------------+
; Flow Elapsed Time                                                                                                             ;
+---------------------------+--------------+-------------------------+---------------------+------------------------------------+
; Module Name               ; Elapsed Time ; Average Processors Used ; Peak Virtual Memory ; Total CPU Time (on all processors) ;
+---------------------------+--------------+-------------------------+---------------------+------------------------------------+
; Analysis & Synthesis      ; 00:00:04     ; 1.0                     ; 4729 MB             ; 00:00:03                           ;
; Fitter                    ; 00:00:21     ; 1.1                     ; 5459 MB             ; 00:00:22                           ;
; Assembler                 ; 00:00:11     ; 1.0                     ; 4691 MB             ; 00:00:09                           ;
; TimeQuest Timing Analyzer ; 00:00:10     ; 1.0                     ; 4795 MB             ; 00:00:06                           ;
; EDA Netlist Writer        ; 00:00:02     ; 1.0                     ; 4615 MB             ; 00:00:02                           ;
; Total                     ; 00:00:48     ; --                      ; --                  ; 00:00:42                           ;
+---------------------------+--------------+-------------------------+---------------------+------------------------------------+


+----------------------------------------------------------------------------------------+
; Flow OS Summary                                                                        ;
+---------------------------+------------------+-----------+------------+----------------+
; Module Name               ; Machine Hostname ; OS Name   ; OS Version ; Processor type ;
+---------------------------+------------------+-----------+------------+----------------+
; Analysis & Synthesis      ; COMPUTADOR       ; Windows 7 ; 6.2        ; x86_64         ;
; Fitter                    ; COMPUTADOR       ; Windows 7 ; 6.2        ; x86_64         ;
; Assembler                 ; COMPUTADOR       ; Windows 7 ; 6.2        ; x86_64         ;
; TimeQuest Timing Analyzer ; COMPUTADOR       ; Windows 7 ; 6.2        ; x86_64         ;
; EDA Netlist Writer        ; COMPUTADOR       ; Windows 7 ; 6.2        ; x86_64         ;
+---------------------------+------------------+-----------+------------+----------------+


------------
; Flow Log ;
------------
quartus_map --read_settings_files=on --write_settings_files=off somadorbits -c somadorbits
quartus_fit --read_settings_files=off --write_settings_files=off somadorbits -c somadorbits
quartus_asm --read_settings_files=off --write_settings_files=off somadorbits -c somadorbits
quartus_sta somadorbits -c somadorbits
quartus_eda --read_settings_files=off --write_settings_files=off somadorbits -c somadorbits



